=~=~=~=~=~=~=~=~=~=~=~= PuTTY log 2023.04.24 14:41:59 =~=~=~=~=~=~=~=~=~=~=~=
159
163
163
163
163
163
163
163
163
166
166
166
166
166
166
167
167
167
167
167
167
167
167
167
167
167
168
169
169
169
169
169
171
171
172
172
172
172
172
172
174
174
174
174
174
174
176
176
176
176
176
176
176
176
176
176
176
176
177
177
177
177
177
177
179
179
179
179
179
179
179
179
182
182
182
182
182
182
183
184
184
184
184
184
184
184
184
184
184
184
185
185
185
185
192
192
192
192
192
192
192
192
192
192
192
192
192
192
192
192
192
192
192
192
192
192
192
192
192
192
192
193
193
193
193
193
195
195
195
195
195
195
195
195
195
198
198
198
198
198
198
199
199
199
199
199
199
199
199
199
199
199
200
201
201
201
201
201
203
203
204
204
204
204
204
204
206
206
206
206
206
206
206
207
207
207
207
207
207
207
207
207
207
207
207
207
209
209
209
209
211
211
211
211
211
211
211
211
214
214
214
214
214
214
214
215
216
216
216
216
216
216
216
216
216
216
216
217
217
217
217
217
219
220
220
220
220
220
220
220
222
224
224
224
224
224
224
224
224
224
224
224
224
224
224
224
224
224
225
225
225
225
225
227
227
227
227
227
227
227
227
230
230
230
230
230
230
231
231
231
231
231
231
231
231
231
231
231
232
233
233
233
233
233
235
235
236
236
236
236
236
236
238
238
238
238
238
238
240
240
240
240
240
240
240
240
240
240
240
240
240
241
241
241
241
243
243
243
243
243
243
243
243
244
246
246
246
246
246
246
246
247
247
248
248
248
248
248
248
248
248
248
249
249
249
249
251
251
248
227
158
67
14
0
0
0
0
0
1
1
1
1
1
3
3
3
3
3
3
4
4
6
6
6
6
6
6
7
7
7
7
7
7
7
7
7
8
8
8
8
9
9
9
9
9
11
12
12
12
12
12
12
12
14
14
14
14
14
14
15
15
15
15
15
15
15
15
15
15
16
16
17
17
17
17
17
17
19
19
19
19
19
19
20
20
22
22
22
22
22
23
23
23
24
24
24
24
24
24
24
24
24
24
25
25
25
25
25
27
28
28
28
28
28
28
28
30
30
30
30
30
30
31
31
31
31
31
31
31
31
31
31
31
31
31
31
33
33
33
33
35
35
35
35
35
35
35
36
38
38
38
38
38
38
39
39
39
39
39
39
39
39
39
39
40
40
41
41
41
41
41
41
44
44
44
44
44
44
44
46
46
46
46
46
46
48
48
48
48
48
48
48
48
48
48
48
48
48
49
49
49
49
49
49
51
51
51
51
51
51
52
54
54
54
54
54
54
55
56
56
56
56
56
56
56
56
56
56
56
56
57
57
57
57
57
59
60
60
60
60
60
60
60
62
62
62
62
62
62
63
63
63
63
63
63
63
63
63
63
63
63
63
63
63
63
63
63
67
67
67
67
67
67
67
68
70
70
70
70
70
70
71
71
71
71
71
71
71
71
71
71
71
72
73
73
73
73
73
73
76
76
76
76
76
76
76
78
78
78
78
78
78
79
79
79
79
79
79
79
79
79
79
79
79
79
81
81
81
81
81
83
83
83
83
83
83
83
84
86
86
86
86
86
86
87
88
88
88
88
88
88
88
88
88
88
88
89
89
89
89
89
91
92
92
92
92
92
92
92
94
96
96
96
96
96
96
96
96
96
96
96
96
96
96
96
96
96
97
97
97
97
97
97
99
99
99
99
99
99
99
100
102
102
102
102
102
102
103
103
103
103
103
103
103
103
103
103
104
104
105
105
105
105
105
107
107
108
108
108
108
108
108
110
110
110
110
110
110
112
112
112
112
112
112
112
112
112
112
112
112
112
113
113
113
113
113
115
115
115
115
115
115
115
116
118
118
118
118
118
118
119
119
120
120
120
120
120
120
120
120
120
120
121
121
121
121
121
123
123
124
124
124
124
124
124
124
126
126
126
126
126
126
127
127
127
127
127
127
128
128
128
128
128
129
129
129
129
129
129
131
131
131
131
131
131
131
132
134
134
134
134
134
134
135
135
135
135
135
135
135
135
135
135
135
136
137
137
137
137
137
139
140
140
140
140
140
140
140
142
142
142
142
142
142
142
143
143
143
143
143
143
143
143
143
143
143
143
143
145
145
145
145
147
147
147
147
147
147
147
148
150
150
150
150
150
150
151
151
152
152
152
152
152
152
152
152
152
152
153
153
153
153
153
155
155
156
156
156
156
156
156
156
158
158
158
158
158
158
159
159
159
159
159
159
159
159
159
159
159
159
159
159
159
159
159
159
163
163
163
166
